{"total": {"lines":{"total":323,"covered":215,"skipped":0,"pct":66.56},"statements":{"total":366,"covered":246,"skipped":0,"pct":67.21},"functions":{"total":75,"covered":46,"skipped":0,"pct":61.33},"branches":{"total":225,"covered":148,"skipped":0,"pct":65.77},"branchesTrue":{"total":0,"covered":0,"skipped":0,"pct":100}}
,"C:\\Users\\LAKSHMIPATHY\\Desktop\\Projects\\to-do\\src\\hooks\\useHabits.ts": {"lines":{"total":32,"covered":32,"skipped":0,"pct":100},"functions":{"total":12,"covered":12,"skipped":0,"pct":100},"statements":{"total":35,"covered":35,"skipped":0,"pct":100},"branches":{"total":10,"covered":10,"skipped":0,"pct":100}}
,"C:\\Users\\LAKSHMIPATHY\\Desktop\\Projects\\to-do\\src\\hooks\\useNotifications.ts": {"lines":{"total":54,"covered":0,"skipped":0,"pct":0},"functions":{"total":12,"covered":0,"skipped":0,"pct":0},"statements":{"total":56,"covered":0,"skipped":0,"pct":0},"branches":{"total":26,"covered":0,"skipped":0,"pct":0}}
,"C:\\Users\\LAKSHMIPATHY\\Desktop\\Projects\\to-do\\src\\hooks\\useTheme.ts": {"lines":{"total":11,"covered":0,"skipped":0,"pct":0},"functions":{"total":5,"covered":0,"skipped":0,"pct":0},"statements":{"total":15,"covered":0,"skipped":0,"pct":0},"branches":{"total":8,"covered":0,"skipped":0,"pct":0}}
,"C:\\Users\\LAKSHMIPATHY\\Desktop\\Projects\\to-do\\src\\hooks\\useToast.ts": {"lines":{"total":12,"covered":11,"skipped":0,"pct":91.66},"functions":{"total":6,"covered":4,"skipped":0,"pct":66.66},"statements":{"total":15,"covered":13,"skipped":0,"pct":86.66},"branches":{"total":6,"covered":5,"skipped":0,"pct":83.33}}
,"C:\\Users\\LAKSHMIPATHY\\Desktop\\Projects\\to-do\\src\\utils\\dataManager.ts": {"lines":{"total":120,"covered":79,"skipped":0,"pct":65.83},"functions":{"total":27,"covered":18,"skipped":0,"pct":66.66},"statements":{"total":140,"covered":96,"skipped":0,"pct":68.57},"branches":{"total":137,"covered":97,"skipped":0,"pct":70.8}}
,"C:\\Users\\LAKSHMIPATHY\\Desktop\\Projects\\to-do\\src\\utils\\dateUtils.ts": {"lines":{"total":94,"covered":93,"skipped":0,"pct":98.93},"functions":{"total":13,"covered":12,"skipped":0,"pct":92.3},"statements":{"total":105,"covered":102,"skipped":0,"pct":97.14},"branches":{"total":38,"covered":36,"skipped":0,"pct":94.73}}
}
